<?xml version="1.0" encoding="UTF-8"?>
<testsuite xmlns:xsi="http://www.w3.org/2001/XMLSchema-instance" xsi:noNamespaceSchemaLocation="https://maven.apache.org/surefire/maven-surefire-plugin/xsd/surefire-test-report.xsd" name="com.sg.superherosightings.dao.SuperheroDaoDBTest" time="0.707" tests="4" errors="0" skipped="0" failures="0">
  <properties>
[...]
</properties>
  <testcase name="testDeleteSuperheroById" classname="com.sg.superherosightings.dao.SuperheroDaoDBTest" time="0.001"/>
  <testcase name="testGetAllSuperheros" classname="com.sg.superherosightings.dao.SuperheroDaoDBTest" time="0"/>
  <testcase name="testUpdateSuperhero" classname="com.sg.superherosightings.dao.SuperheroDaoDBTest" time="0"/>
  <testcase name="testAddAndGetSuperheroById" classname="com.sg.superherosightings.dao.SuperheroDaoDBTest" time="0.181"/>
</testsuite>